<?xml version="1.0" encoding="UTF-8" ?>
<testsuite tests="24" failures="0" name="QATools.MavenCucumberProject.RunnerTest" time="11.396" errors="0" skipped="0">
  <properties>
[...]
</properties>
  <testcase classname="Scenario: Login to Website" name="Given User is on home page" time="0.006"/>
  <testcase classname="Scenario: Login to Website" name="When User clicks on login" time="0"/>
  <testcase classname="Scenario: Login to Website" name="And User enters username and password" time="0"/>
  <testcase classname="Scenario: Login to Website" name="Then User must be logged in and display username on the web site" time="0"/>
  <testcase classname="Scenario: Login to Website" name="Scenario: Login to Website" time="2.276"/>
  <testcase classname="Scenario: Add to cart" name="Given User is on home page" time="0"/>
  <testcase classname="Scenario: Add to cart" name="When User clicks Electronics" time="0"/>
  <testcase classname="Scenario: Add to cart" name="And Selects Smartphone" time="0"/>
  <testcase classname="Scenario: Add to cart" name="And Selects Add to Cart button" time="0"/>
  <testcase classname="Scenario: Add to cart" name="Then Item should be added to cart" time="0.001"/>
  <testcase classname="Scenario: Add to cart" name="Scenario: Add to cart" time="2.288"/>
  <testcase classname="Scenario: Go to Cart" name="Given User is on home page" time="0"/>
  <testcase classname="Scenario: Go to Cart" name="When User clicks Shopping Cart" time="0"/>
  <testcase classname="Scenario: Go to Cart" name="Then User will be redirected to Shopping Cart page" time="0"/>
  <testcase classname="Scenario: Go to Cart" name="Scenario: Go to Cart" time="2.245"/>
  <testcase classname="Scenario: Checkout and Confirm Order" name="Given User is on home page" time="0"/>
  <testcase classname="Scenario: Checkout and Confirm Order" name="When Logged in User add an item to cart" time="0"/>
  <testcase classname="Scenario: Checkout and Confirm Order" name="And User complete the Checkout Information page" time="0"/>
  <testcase classname="Scenario: Checkout and Confirm Order" name="Then will see a message on the screen that the order is completed" time="0"/>
  <testcase classname="Scenario: Checkout and Confirm Order" name="Scenario: Checkout and Confirm Order" time="2.28"/>
  <testcase classname="Scenario: Successful Logout" name="Given User is on home page" time="0"/>
  <testcase classname="Scenario: Successful Logout" name="When User clicks on the logout link" time="0"/>
  <testcase classname="Scenario: Successful Logout" name="Then User will be logged out" time="0"/>
  <testcase classname="Scenario: Successful Logout" name="Scenario: Successful Logout" time="2.3"/>
</testsuite>